[debug] [2025-07-25T13:57:32.044Z] ----------------------------------------------------------------------
[debug] [2025-07-25T13:57:32.050Z] Command:       /Users/tejasvaland/.nvm/versions/node/v20.14.0/bin/node /Users/tejasvaland/.nvm/versions/node/v20.14.0/bin/firebase init
[debug] [2025-07-25T13:57:32.050Z] CLI Version:   14.11.0
[debug] [2025-07-25T13:57:32.051Z] Platform:      darwin
[debug] [2025-07-25T13:57:32.051Z] Node Version:  v20.14.0
[debug] [2025-07-25T13:57:32.051Z] Time:          Fri Jul 25 2025 19:27:32 GMT+0530 (India Standard Time)
[debug] [2025-07-25T13:57:32.051Z] ----------------------------------------------------------------------
[debug] 
[debug] [2025-07-25T13:57:32.054Z] > command requires scopes: ["email","openid","https://www.googleapis.com/auth/cloudplatformprojects.readonly","https://www.googleapis.com/auth/firebase","https://www.googleapis.com/auth/cloud-platform"]
[debug] [2025-07-25T13:57:32.054Z] > authorizing via signed-in user (naitejas@gmail.com)
[info] 
     ######## #### ########  ######## ########     ###     ######  ########
     ##        ##  ##     ## ##       ##     ##  ##   ##  ##       ##
     ######    ##  ########  ######   ########  #########  ######  ######
     ##        ##  ##    ##  ##       ##     ## ##     ##       ## ##
     ##       #### ##     ## ######## ########  ##     ##  ######  ########

You're about to initialize a Firebase project in this directory:

  /Users/tejasvaland/Downloads/HTML

[info] 
=== Project Setup
[info] 
[info] First, let's associate this project directory with a Firebase project.
[info] You can create multiple project aliases by running firebase use --add, 
[info] but for now we'll just set up a default project.
[info] 
[debug] [2025-07-25T13:57:36.286Z] Checked if tokens are valid: true, expires at: 1753455355839
[debug] [2025-07-25T13:57:36.287Z] Checked if tokens are valid: true, expires at: 1753455355839
[debug] [2025-07-25T13:57:36.291Z] >>> [apiv2][query] GET https://firebase.googleapis.com/v1beta1/projects pageSize=100
[debug] [2025-07-25T13:57:36.993Z] <<< [apiv2][status] GET https://firebase.googleapis.com/v1beta1/projects 200
[debug] [2025-07-25T13:57:36.994Z] <<< [apiv2][body] GET https://firebase.googleapis.com/v1beta1/projects [omitted]
[info] i  Using project zyverra-927ac (Zyverra) 
[info] 
=== Hosting Setup
[debug] [2025-07-25T13:57:38.347Z] Checked if tokens are valid: true, expires at: 1753455355839
[debug] [2025-07-25T13:57:38.347Z] Checked if tokens are valid: true, expires at: 1753455355839
[debug] [2025-07-25T13:57:38.348Z] >>> [apiv2][query] GET https://firebase.googleapis.com/v1beta1/projects/zyverra-927ac [none]
[debug] [2025-07-25T13:57:38.709Z] <<< [apiv2][status] GET https://firebase.googleapis.com/v1beta1/projects/zyverra-927ac 200
[debug] [2025-07-25T13:57:38.709Z] <<< [apiv2][body] GET https://firebase.googleapis.com/v1beta1/projects/zyverra-927ac {"projectId":"zyverra-927ac","projectNumber":"1000895467966","displayName":"Zyverra","name":"projects/zyverra-927ac","resources":{"hostingSite":"zyverra-927ac"},"state":"ACTIVE","etag":"1_7830ce5e-0585-433b-a454-d296519ccd3e"}
[info] 
[info] Your public directory is the folder (relative to your project directory) that
[info] will contain Hosting assets to be uploaded with firebase deploy. If you
[info] have a build process for your assets, use your build's output directory.
[info] 
[debug] [2025-07-25T13:57:47.870Z] >>> [apiv2][query] GET https://www.gstatic.com/firebasejs/releases.json [none]
[debug] [2025-07-25T13:57:48.016Z] <<< [apiv2][status] GET https://www.gstatic.com/firebasejs/releases.json 200
[debug] [2025-07-25T13:57:48.017Z] <<< [apiv2][body] GET https://www.gstatic.com/firebasejs/releases.json {"current":{"version":"12.0.0","browserURL":"https://www.gstatic.com/firebasejs/12.0.0/firebase.js","packageURL":"https://www.gstatic.com/firebasejs/12.0.0/firebase.tgz"},"live":{"version":"12.0","browserURL":"https://www.gstatic.com/firebasejs/live/12.0/firebase.js","packageURL":"https://www.gstatic.com/firebasejs/live/12.0/firebase.tgz"},"components":{"ai":"https://www.gstatic.com/firebasejs/12.0.0/firebase-ai.js","analytics":"https://www.gstatic.com/firebasejs/12.0.0/firebase-analytics.js","app":"https://www.gstatic.com/firebasejs/12.0.0/firebase-app.js","app-check":"https://www.gstatic.com/firebasejs/12.0.0/firebase-app-check.js","auth":"https://www.gstatic.com/firebasejs/12.0.0/firebase-auth.js","auth/cordova":"https://www.gstatic.com/firebasejs/12.0.0/firebase-auth/cordova.js","auth/web-extension":"https://www.gstatic.com/firebasejs/12.0.0/firebase-auth/web-extension.js","functions":"https://www.gstatic.com/firebasejs/12.0.0/firebase-functions.js","firestore":"https://www.gstatic.com/firebasejs/12.0.0/firebase-firestore.js","firestore/lite":"https://www.gstatic.com/firebasejs/12.0.0/firebase-firestore/lite.js","installations":"https://www.gstatic.com/firebasejs/12.0.0/firebase-installations.js","storage":"https://www.gstatic.com/firebasejs/12.0.0/firebase-storage.js","performance":"https://www.gstatic.com/firebasejs/12.0.0/firebase-performance.js","remote-config":"https://www.gstatic.com/firebasejs/12.0.0/firebase-remote-config.js","messaging":"https://www.gstatic.com/firebasejs/12.0.0/firebase-messaging.js","messaging/sw":"https://www.gstatic.com/firebasejs/12.0.0/firebase-messaging/sw.js","database":"https://www.gstatic.com/firebasejs/12.0.0/firebase-database.js","data-connect":"https://www.gstatic.com/firebasejs/12.0.0/firebase-data-connect.js","firestore.memory":"https://www.gstatic.com/firebasejs/12.0.0/firebase-firestore.memory.js"}}
[debug] [2025-07-25T13:57:48.229Z] Error: EROFS: read-only file system, open '/index.html'
    at Object.writeFileSync (node:fs:2346:20)
    at Object.createFileSync (/Users/tejasvaland/.nvm/versions/node/v20.14.0/lib/node_modules/firebase-tools/node_modules/fs-extra/lib/ensure/file.js:63:6)
    at Config.writeProjectFile (/Users/tejasvaland/.nvm/versions/node/v20.14.0/lib/node_modules/firebase-tools/lib/config.js:160:12)
    at Config.askWriteProjectFile (/Users/tejasvaland/.nvm/versions/node/v20.14.0/lib/node_modules/firebase-tools/lib/config.js:208:14)
    at process.processTicksAndRejections (node:internal/process/task_queues:95:5)
    at async Object.doSetup (/Users/tejasvaland/.nvm/versions/node/v20.14.0/lib/node_modules/firebase-tools/lib/init/features/hosting/index.js:157:9)
    at async init (/Users/tejasvaland/.nvm/versions/node/v20.14.0/lib/node_modules/firebase-tools/lib/init/index.js:62:13)
    at async Command.initAction [as actionFn] (/Users/tejasvaland/.nvm/versions/node/v20.14.0/lib/node_modules/firebase-tools/lib/commands/init.js:205:5)
[error] 
[error] Error: An unexpected error has occurred.
